Compiling the C compiler identification source file "CMakeCCompilerId.c" failed.
Compiler: /usr/bin/gcc 
Build flags: 
Id flags:  

The output was:
1
CMakeCCompilerId.c:2:3: error: #error "A C++ compiler has been selected for C."
 # error "A C++ compiler has been selected for C."
   ^~~~~


Compiling the C compiler identification source file "CMakeCCompilerId.c" failed.
Compiler: /usr/bin/gcc 
Build flags: 
Id flags: -c 

The output was:
1
CMakeCCompilerId.c:2:3: error: #error "A C++ compiler has been selected for C."
 # error "A C++ compiler has been selected for C."
   ^~~~~


Compiling the C compiler identification source file "CMakeCCompilerId.c" failed.
Compiler: /usr/bin/gcc 
Build flags: 
Id flags: -Aa 

The output was:
1
<command-line>: error: missing '(' after predicate
CMakeCCompilerId.c:2:3: error: #error "A C++ compiler has been selected for C."
 # error "A C++ compiler has been selected for C."
   ^~~~~


Compiling the C compiler identification source file "CMakeCCompilerId.c" failed.
Compiler: /usr/bin/gcc 
Build flags: 
Id flags: -D__CLASSIC_C__ 

The output was:
1
CMakeCCompilerId.c:2:3: error: #error "A C++ compiler has been selected for C."
 # error "A C++ compiler has been selected for C."
   ^~~~~
CMakeCCompilerId.c:295:64: warning: ISO C++ forbids converting a string constant to ‘char*’ [-Wwrite-strings]
 char const* info_compiler = "INFO" ":" "compiler[" COMPILER_ID "]";
                                                                ^~~
CMakeCCompilerId.c:542:64: warning: ISO C++ forbids converting a string constant to ‘char*’ [-Wwrite-strings]
 char const* info_platform = "INFO" ":" "platform[" PLATFORM_ID "]";
                                                                ^~~
CMakeCCompilerId.c:543:60: warning: ISO C++ forbids converting a string constant to ‘char*’ [-Wwrite-strings]
 char const* info_arch = "INFO" ":" "arch[" ARCHITECTURE_ID "]";
                                                            ^~~
CMakeCCompilerId.c:562:43: warning: ISO C++ forbids converting a string constant to ‘char*’ [-Wwrite-strings]
   "INFO" ":" "dialect_default[" C_DIALECT "]";
                                           ^~~
CMakeCCompilerId.c:570:10: error: cannot declare ‘::main’ to be a global variable
 int main(argc, argv) int argc; char *argv[];
          ^~~~
CMakeCCompilerId.c:570:10: error: ‘argc’ was not declared in this scope
CMakeCCompilerId.c:570:16: error: ‘argv’ was not declared in this scope
 int main(argc, argv) int argc; char *argv[];
                ^~~~
CMakeCCompilerId.c:570:20: error: expression list treated as compound expression in initializer [-fpermissive]
 int main(argc, argv) int argc; char *argv[];
                    ^
CMakeCCompilerId.c:570:38: error: storage size of ‘argv’ isn’t known
 int main(argc, argv) int argc; char *argv[];
                                      ^~~~
CMakeCCompilerId.c:574:1: error: expected unqualified-id before ‘{’ token
 {
 ^


Compiling the C compiler identification source file "CMakeCCompilerId.c" failed.
Compiler: /usr/bin/gcc 
Build flags: 
Id flags:  

The output was:
1
CMakeCCompilerId.c:2:3: error: #error "A C++ compiler has been selected for C."
 # error "A C++ compiler has been selected for C."
   ^~~~~


Compiling the C compiler identification source file "CMakeCCompilerId.c" failed.
Compiler: /usr/bin/gcc 
Build flags: 
Id flags: -c 

The output was:
1
CMakeCCompilerId.c:2:3: error: #error "A C++ compiler has been selected for C."
 # error "A C++ compiler has been selected for C."
   ^~~~~


Compiling the C compiler identification source file "CMakeCCompilerId.c" failed.
Compiler: /usr/bin/gcc 
Build flags: 
Id flags: -Aa 

The output was:
1
<command-line>: error: missing '(' after predicate
CMakeCCompilerId.c:2:3: error: #error "A C++ compiler has been selected for C."
 # error "A C++ compiler has been selected for C."
   ^~~~~


Compiling the C compiler identification source file "CMakeCCompilerId.c" failed.
Compiler: /usr/bin/gcc 
Build flags: 
Id flags: -D__CLASSIC_C__ 

The output was:
1
CMakeCCompilerId.c:2:3: error: #error "A C++ compiler has been selected for C."
 # error "A C++ compiler has been selected for C."
   ^~~~~
CMakeCCompilerId.c:295:64: warning: ISO C++ forbids converting a string constant to ‘char*’ [-Wwrite-strings]
 char const* info_compiler = "INFO" ":" "compiler[" COMPILER_ID "]";
                                                                ^~~
CMakeCCompilerId.c:542:64: warning: ISO C++ forbids converting a string constant to ‘char*’ [-Wwrite-strings]
 char const* info_platform = "INFO" ":" "platform[" PLATFORM_ID "]";
                                                                ^~~
CMakeCCompilerId.c:543:60: warning: ISO C++ forbids converting a string constant to ‘char*’ [-Wwrite-strings]
 char const* info_arch = "INFO" ":" "arch[" ARCHITECTURE_ID "]";
                                                            ^~~
CMakeCCompilerId.c:562:43: warning: ISO C++ forbids converting a string constant to ‘char*’ [-Wwrite-strings]
   "INFO" ":" "dialect_default[" C_DIALECT "]";
                                           ^~~
CMakeCCompilerId.c:570:10: error: cannot declare ‘::main’ to be a global variable
 int main(argc, argv) int argc; char *argv[];
          ^~~~
CMakeCCompilerId.c:570:10: error: ‘argc’ was not declared in this scope
CMakeCCompilerId.c:570:16: error: ‘argv’ was not declared in this scope
 int main(argc, argv) int argc; char *argv[];
                ^~~~
CMakeCCompilerId.c:570:20: error: expression list treated as compound expression in initializer [-fpermissive]
 int main(argc, argv) int argc; char *argv[];
                    ^
CMakeCCompilerId.c:570:38: error: storage size of ‘argv’ isn’t known
 int main(argc, argv) int argc; char *argv[];
                                      ^~~~
CMakeCCompilerId.c:574:1: error: expected unqualified-id before ‘{’ token
 {
 ^


Checking whether the C compiler is IAR using "" did not match "IAR .+ Compiler":
gcc: fatal error: no input files
compilation terminated.
Checking whether the C compiler is IAR using "" did not match "IAR .+ Compiler":
gcc: fatal error: no input files
compilation terminated.
Determining if the C compiler works failed with the following output:
Change Dir: /home/hcx/Codes/7/build/CMakeFiles/CMakeTmp

Run Build Command:"/usr/bin/make" "cmTC_cc20a/fast"
/usr/bin/make -f CMakeFiles/cmTC_cc20a.dir/build.make CMakeFiles/cmTC_cc20a.dir/build
make[1]: 进入目录“/home/hcx/Codes/7/build/CMakeFiles/CMakeTmp”
Building C object CMakeFiles/cmTC_cc20a.dir/testCCompiler.c.o
/usr/bin/gcc    -o CMakeFiles/cmTC_cc20a.dir/testCCompiler.c.o   -c /home/hcx/Codes/7/build/CMakeFiles/CMakeTmp/testCCompiler.c
/home/hcx/Codes/7/build/CMakeFiles/CMakeTmp/testCCompiler.c:2:3: error: #error "The CMAKE_C_COMPILER is set to a C++ compiler"
 # error "The CMAKE_C_COMPILER is set to a C++ compiler"
   ^~~~~
CMakeFiles/cmTC_cc20a.dir/build.make:65: recipe for target 'CMakeFiles/cmTC_cc20a.dir/testCCompiler.c.o' failed
make[1]: *** [CMakeFiles/cmTC_cc20a.dir/testCCompiler.c.o] Error 1
make[1]: 离开目录“/home/hcx/Codes/7/build/CMakeFiles/CMakeTmp”
Makefile:126: recipe for target 'cmTC_cc20a/fast' failed
make: *** [cmTC_cc20a/fast] Error 2


Compiling the C compiler identification source file "CMakeCCompilerId.c" failed.
Compiler: /usr/bin/gcc 
Build flags: 
Id flags:  

The output was:
1
CMakeCCompilerId.c:2:3: error: #error "A C++ compiler has been selected for C."
 # error "A C++ compiler has been selected for C."
   ^~~~~


Compiling the C compiler identification source file "CMakeCCompilerId.c" failed.
Compiler: /usr/bin/gcc 
Build flags: 
Id flags: -c 

The output was:
1
CMakeCCompilerId.c:2:3: error: #error "A C++ compiler has been selected for C."
 # error "A C++ compiler has been selected for C."
   ^~~~~


Compiling the C compiler identification source file "CMakeCCompilerId.c" failed.
Compiler: /usr/bin/gcc 
Build flags: 
Id flags: -Aa 

The output was:
1
<command-line>: error: missing '(' after predicate
CMakeCCompilerId.c:2:3: error: #error "A C++ compiler has been selected for C."
 # error "A C++ compiler has been selected for C."
   ^~~~~


Compiling the C compiler identification source file "CMakeCCompilerId.c" failed.
Compiler: /usr/bin/gcc 
Build flags: 
Id flags: -D__CLASSIC_C__ 

The output was:
1
CMakeCCompilerId.c:2:3: error: #error "A C++ compiler has been selected for C."
 # error "A C++ compiler has been selected for C."
   ^~~~~
CMakeCCompilerId.c:295:64: warning: ISO C++ forbids converting a string constant to ‘char*’ [-Wwrite-strings]
 char const* info_compiler = "INFO" ":" "compiler[" COMPILER_ID "]";
                                                                ^~~
CMakeCCompilerId.c:542:64: warning: ISO C++ forbids converting a string constant to ‘char*’ [-Wwrite-strings]
 char const* info_platform = "INFO" ":" "platform[" PLATFORM_ID "]";
                                                                ^~~
CMakeCCompilerId.c:543:60: warning: ISO C++ forbids converting a string constant to ‘char*’ [-Wwrite-strings]
 char const* info_arch = "INFO" ":" "arch[" ARCHITECTURE_ID "]";
                                                            ^~~
CMakeCCompilerId.c:562:43: warning: ISO C++ forbids converting a string constant to ‘char*’ [-Wwrite-strings]
   "INFO" ":" "dialect_default[" C_DIALECT "]";
                                           ^~~
CMakeCCompilerId.c:570:10: error: cannot declare ‘::main’ to be a global variable
 int main(argc, argv) int argc; char *argv[];
          ^~~~
CMakeCCompilerId.c:570:10: error: ‘argc’ was not declared in this scope
CMakeCCompilerId.c:570:16: error: ‘argv’ was not declared in this scope
 int main(argc, argv) int argc; char *argv[];
                ^~~~
CMakeCCompilerId.c:570:20: error: expression list treated as compound expression in initializer [-fpermissive]
 int main(argc, argv) int argc; char *argv[];
                    ^
CMakeCCompilerId.c:570:38: error: storage size of ‘argv’ isn’t known
 int main(argc, argv) int argc; char *argv[];
                                      ^~~~
CMakeCCompilerId.c:574:1: error: expected unqualified-id before ‘{’ token
 {
 ^


Compiling the C compiler identification source file "CMakeCCompilerId.c" failed.
Compiler: /usr/bin/gcc 
Build flags: 
Id flags:  

The output was:
1
CMakeCCompilerId.c:2:3: error: #error "A C++ compiler has been selected for C."
 # error "A C++ compiler has been selected for C."
   ^~~~~


Compiling the C compiler identification source file "CMakeCCompilerId.c" failed.
Compiler: /usr/bin/gcc 
Build flags: 
Id flags: -c 

The output was:
1
CMakeCCompilerId.c:2:3: error: #error "A C++ compiler has been selected for C."
 # error "A C++ compiler has been selected for C."
   ^~~~~


Compiling the C compiler identification source file "CMakeCCompilerId.c" failed.
Compiler: /usr/bin/gcc 
Build flags: 
Id flags: -Aa 

The output was:
1
<command-line>: error: missing '(' after predicate
CMakeCCompilerId.c:2:3: error: #error "A C++ compiler has been selected for C."
 # error "A C++ compiler has been selected for C."
   ^~~~~


Compiling the C compiler identification source file "CMakeCCompilerId.c" failed.
Compiler: /usr/bin/gcc 
Build flags: 
Id flags: -D__CLASSIC_C__ 

The output was:
1
CMakeCCompilerId.c:2:3: error: #error "A C++ compiler has been selected for C."
 # error "A C++ compiler has been selected for C."
   ^~~~~
CMakeCCompilerId.c:295:64: warning: ISO C++ forbids converting a string constant to ‘char*’ [-Wwrite-strings]
 char const* info_compiler = "INFO" ":" "compiler[" COMPILER_ID "]";
                                                                ^~~
CMakeCCompilerId.c:542:64: warning: ISO C++ forbids converting a string constant to ‘char*’ [-Wwrite-strings]
 char const* info_platform = "INFO" ":" "platform[" PLATFORM_ID "]";
                                                                ^~~
CMakeCCompilerId.c:543:60: warning: ISO C++ forbids converting a string constant to ‘char*’ [-Wwrite-strings]
 char const* info_arch = "INFO" ":" "arch[" ARCHITECTURE_ID "]";
                                                            ^~~
CMakeCCompilerId.c:562:43: warning: ISO C++ forbids converting a string constant to ‘char*’ [-Wwrite-strings]
   "INFO" ":" "dialect_default[" C_DIALECT "]";
                                           ^~~
CMakeCCompilerId.c:570:10: error: cannot declare ‘::main’ to be a global variable
 int main(argc, argv) int argc; char *argv[];
          ^~~~
CMakeCCompilerId.c:570:10: error: ‘argc’ was not declared in this scope
CMakeCCompilerId.c:570:16: error: ‘argv’ was not declared in this scope
 int main(argc, argv) int argc; char *argv[];
                ^~~~
CMakeCCompilerId.c:570:20: error: expression list treated as compound expression in initializer [-fpermissive]
 int main(argc, argv) int argc; char *argv[];
                    ^
CMakeCCompilerId.c:570:38: error: storage size of ‘argv’ isn’t known
 int main(argc, argv) int argc; char *argv[];
                                      ^~~~
CMakeCCompilerId.c:574:1: error: expected unqualified-id before ‘{’ token
 {
 ^


Checking whether the C compiler is IAR using "" did not match "IAR .+ Compiler":
gcc: fatal error: no input files
compilation terminated.
Checking whether the C compiler is IAR using "" did not match "IAR .+ Compiler":
gcc: fatal error: no input files
compilation terminated.
Determining if the C compiler works failed with the following output:
Change Dir: /home/hcx/Codes/7/build/CMakeFiles/CMakeTmp

Run Build Command:"/usr/bin/make" "cmTC_3efce/fast"
/usr/bin/make -f CMakeFiles/cmTC_3efce.dir/build.make CMakeFiles/cmTC_3efce.dir/build
make[1]: 进入目录“/home/hcx/Codes/7/build/CMakeFiles/CMakeTmp”
Building C object CMakeFiles/cmTC_3efce.dir/testCCompiler.c.o
/usr/bin/gcc    -o CMakeFiles/cmTC_3efce.dir/testCCompiler.c.o   -c /home/hcx/Codes/7/build/CMakeFiles/CMakeTmp/testCCompiler.c
/home/hcx/Codes/7/build/CMakeFiles/CMakeTmp/testCCompiler.c:2:3: error: #error "The CMAKE_C_COMPILER is set to a C++ compiler"
 # error "The CMAKE_C_COMPILER is set to a C++ compiler"
   ^~~~~
CMakeFiles/cmTC_3efce.dir/build.make:65: recipe for target 'CMakeFiles/cmTC_3efce.dir/testCCompiler.c.o' failed
make[1]: *** [CMakeFiles/cmTC_3efce.dir/testCCompiler.c.o] Error 1
make[1]: 离开目录“/home/hcx/Codes/7/build/CMakeFiles/CMakeTmp”
Makefile:126: recipe for target 'cmTC_3efce/fast' failed
make: *** [cmTC_3efce/fast] Error 2


