Determining if the pthread_create exist failed with the following output:
Change Dir: /home/hcx/Codes/OpenTimer/build/CMakeFiles/CMakeTmp

Run Build Command:"/usr/bin/make" "cmTC_75e08/fast"
/usr/bin/make -f CMakeFiles/cmTC_75e08.dir/build.make CMakeFiles/cmTC_75e08.dir/build
make[1]: 进入目录“/home/hcx/Codes/OpenTimer/build/CMakeFiles/CMakeTmp”
Building C object CMakeFiles/cmTC_75e08.dir/CheckSymbolExists.c.o
/usr/bin/x86_64-linux-gnu-gcc-7    -o CMakeFiles/cmTC_75e08.dir/CheckSymbolExists.c.o   -c /home/hcx/Codes/OpenTimer/build/CMakeFiles/CMakeTmp/CheckSymbolExists.c
Linking C executable cmTC_75e08
/opt/cmake-3.12.2/bin/cmake -E cmake_link_script CMakeFiles/cmTC_75e08.dir/link.txt --verbose=1
/usr/bin/x86_64-linux-gnu-gcc-7      CMakeFiles/cmTC_75e08.dir/CheckSymbolExists.c.o  -o cmTC_75e08 
CMakeFiles/cmTC_75e08.dir/CheckSymbolExists.c.o：在函数‘main’中：
CheckSymbolExists.c:(.text+0x1b)：对‘pthread_create’未定义的引用
collect2: error: ld returned 1 exit status
CMakeFiles/cmTC_75e08.dir/build.make:86: recipe for target 'cmTC_75e08' failed
make[1]: *** [cmTC_75e08] Error 1
make[1]: 离开目录“/home/hcx/Codes/OpenTimer/build/CMakeFiles/CMakeTmp”
Makefile:121: recipe for target 'cmTC_75e08/fast' failed
make: *** [cmTC_75e08/fast] Error 2

File /home/hcx/Codes/OpenTimer/build/CMakeFiles/CMakeTmp/CheckSymbolExists.c:
/* */
#include <pthread.h>

int main(int argc, char** argv)
{
  (void)argv;
#ifndef pthread_create
  return ((int*)(&pthread_create))[argc];
#else
  (void)argc;
  return 0;
#endif
}

Determining if the function pthread_create exists in the pthreads failed with the following output:
Change Dir: /home/hcx/Codes/OpenTimer/build/CMakeFiles/CMakeTmp

Run Build Command:"/usr/bin/make" "cmTC_2012f/fast"
/usr/bin/make -f CMakeFiles/cmTC_2012f.dir/build.make CMakeFiles/cmTC_2012f.dir/build
make[1]: 进入目录“/home/hcx/Codes/OpenTimer/build/CMakeFiles/CMakeTmp”
Building C object CMakeFiles/cmTC_2012f.dir/CheckFunctionExists.c.o
/usr/bin/x86_64-linux-gnu-gcc-7   -DCHECK_FUNCTION_EXISTS=pthread_create   -o CMakeFiles/cmTC_2012f.dir/CheckFunctionExists.c.o   -c /opt/cmake-3.12.2/share/cmake-3.12/Modules/CheckFunctionExists.c
Linking C executable cmTC_2012f
/opt/cmake-3.12.2/bin/cmake -E cmake_link_script CMakeFiles/cmTC_2012f.dir/link.txt --verbose=1
/usr/bin/x86_64-linux-gnu-gcc-7  -DCHECK_FUNCTION_EXISTS=pthread_create    CMakeFiles/cmTC_2012f.dir/CheckFunctionExists.c.o  -o cmTC_2012f -lpthreads 
/usr/bin/ld: 找不到 -lpthreads
collect2: error: ld returned 1 exit status
CMakeFiles/cmTC_2012f.dir/build.make:86: recipe for target 'cmTC_2012f' failed
make[1]: *** [cmTC_2012f] Error 1
make[1]: 离开目录“/home/hcx/Codes/OpenTimer/build/CMakeFiles/CMakeTmp”
Makefile:121: recipe for target 'cmTC_2012f/fast' failed
make: *** [cmTC_2012f/fast] Error 2


