total
setup slack£º0ns
hold  slack£º0ns 
Combinal Port Delay:  0.4ns
path1£º
	data arrival time:
	g7 @FPGA1    1.0   1.0
       @cable   +2.0   3.0
	data expected time:
	c1 rise edge 50.0  50.0
	   @cable   +2.0   52.0
    g8  Tsu     -1.0   51.0
--------------------------------
setup slack 48.0
============================================================================================
path2:	
	data arrival time:
	g7 @FPGA1    1.0	1.0
       @cable   +2.0    3.0
    data expected time:
       @cable    2.0    2.0
    g8  Thold   +1.0    3.0
----------------------------------
hold slack 0.0
============================================================================================
path3£º
	data arrival time:
	g8 @FPGA2    1.0    1.0
	   @cable   +2.0    3.0
	data expected time:
	c1 rise edge 50.0  50.0 
	gp10   Tsu  -1.0   49.0 
--------------------------------
setup slack 46.0
============================================================================================
path4:
	data arrival time:
	g8 @FPGA2    1.0    1.0
	   @cable   +2.0    3.0
	data expected time:
    gp10 Thold   1.0    1.0
----------------------------------
hold slack 2.0
============================================================================================
path5£º
	data arrival time:
	gp3 @FPGA1    1.0   1.0
	data expected time:
	c1 rise edge  50.0  50.0 
	g7   Tsu     -1.0   49.0 
-------------------------------------
setup slack 48.0
============================================================================================
path6:
	data arrival time:
	gp3 @FPGA1  1.0    1.0
	data expected time:
	g7  Thold   1.0    1.0
----------------------------------
hold slack 0.0
============================================================================================
path7:
	data arrival time:
    g9 @FPGA1    1.0	1.0
       @cable   +2.0    3.0
    g0 @FPGA2   +0.1    3.1
       @cable   +2.0    5.1
    data expected time:
    c2 rise edge 100.0  100.0
       @cable   +2.0    102.0
    g10 Tsu     -1.0    101.0
---------------------------------
setup slack: 95.9
============================================================================================
path8: 
	data arrival time:
	g9 @FPGA1    1.0	1.0
		@cable  +2.0    3.0
	g0 @FPGA2   +0.1    3.1
		@cable  +2.0    5.1
	data expected time:
		@cable   2.0    2.0
	g10  Thold  +1.0    3.0
----------------------------------
hold slack 2.1
============================================================================================
path9:
	data arrival time:
	g11 @FPGA1   1.0   1.0
	g13 @FPGA1  +0.1   1.1
	    @cable  +2.0   3.1
	data expected time:
	c3 rise edge 20.0  20.0
	    @cable  +2.0   22.0
	g14  Tsu    -1.0   21.0
------------------------------------
setup slack 17.9
============================================================================================
path10:
  data arrival time:
	g11 @FPGA1   1.0   1.0
	g13 @FPGA1  +0.1   1.1
	    @cable  +2.0   3.1
	data expected time:
	    @cable   2.0   2.0
    g14 Thold   +1.0   3.0 
------------------------------------
hold slack 0.1
============================================================================================
path11:
	data arrival time:
	g12 @FPGA1   1.0   1.0
	    @cable  +2.0   3.0
	g15 @FPGA2  +0.1   3.1
	data expected time:
	c3 rise edge 20.0  20.0
	    @cable  +2.0   22.0
	g16  Tsu    -1.0   21.0
--------------------------------------
setup slack 17.9
============================================================================================
path12:
  data arrival time:
	g12 @FPGA1   1.0   1.0
	    @cable  +2.0   3.0
	g15 @FPGA2  +0.1   3.1
	data expected time:
	    @cable   2.0   2.0
    g16 Thold   +1.0   3.0 
-------------------------------------------
hold slack 0.1
============================================================================================
path13:
   data arrival time:
   g11 @FPGA1   1.0   1.0
       @cable  +2.0   3.0
   g15 @FPGA2  +0.1   3.1
   c3 rise edge 20.0  20.0
	   @cable  +2.0   22.0
   g16  Tsu    -1.0   21.0
--------------------------------------
setup slack 17.9
============================================================================================
path14:
	data arrival time:
	g11 @FPGA1    1.0   1.0
        @cable   +2.0   3.0
    g15 @FPGA2   +0.1   3.1
    data expected time:
	    @cable    2.0    2.0
    g16 Thold    +1.0    3.0 
-------------------------------------------
hold slack 0.1
============================================================================================
path15:
   data arrival time:
   g12  @FPGA1   1.0   1.0
   g13  @FPGA1   0.1   1.1
	    @cable  +2.0   3.1
   c3 rise edge  20.0  20.0
	    @cable  +2.0   22.0
   g14  Tsu     -1.0   21.0
--------------------------------------
setup slack 17.9
============================================================================================
path16:
   data arrival time:
   g12  @FPGA1   1.0   1.0
   g13  @FPGA1   0.1   1.1
	    @cable  +2.0   3.1
   data expected time:
	    @cable   2.0   2.0
   g14  Thold   +1.0   3.0 
-------------------------------------------
hold slack 0.1
============================================================================================
path17:
	data arrival time:
	gp4 @FPGA1  1.0    1.0
	data expected time:
	c2 rise edge 100.0 100.0 
	g9  Tsu     -1.0   99.0 
-------------------------------------
setup slack 98.0
============================================================================================
path18:
	data arrival time:
	gp4 @FPGA1  1.0    1.0
	data expected time:
	g9  Thold   1.0    1.0
----------------------------------
hold slack 0.0
============================================================================================
path19:
	data arrival time:
	gp5 @FPGA1  1.0    1.0
	data expected time:
	c3 rise edge 20.0 20.0
	g11  Tsu    -1.0  19.0
-------------------------------------
setup slack 18.0 
============================================================================================
path20:
	data arrival time:
	gp5 @FPGA1  1.0    1.0
	data expected time:
	g11 Thold   1.0    1.0
---------------------------------------
hold slack 0.0
============================================================================================
path21:
	data arrival time:
	gp6 @FPGA1   1.0    1.0
	data expected time:
	c3 rise edge 20.0 20.0
    g12 Tsu     -1.0  19.0
-------------------------------------
setup slack 18.0 
============================================================================================
path22:
	data arrival time:
	gp6 @FPGA1  1.0    1.0
	data expected time:
	g12 Thold   1.0    1.0
---------------------------------------
hold slack 0.0
============================================================================================
path23:
	data arrival time:
	g10 @FPGA2    1.0    1.0
	    @cable   +2.0    3.0
	data expected time:
	c2 rise edge 100.0  100.0
	gp11 Tsu     -1.0    99.0 
--------------------------------
setup slack 96.0
============================================================================================
path24:
	data arrival time:
	g10 @FPGA2    1.0    1.0
	    @cable   +2.0    3.0
	data expected time:
    gp11 Thold    1.0    1.0
----------------------------------
hold slack 2.0
============================================================================================
path25:
	data arrival time:
	g14 @FPGA2    1.0    1.0
	    @cable   +2.0    3.0
    data expected time:
	c3 rise edge 20.0   20.0
	gp12  Tsu   -1.0    19.0 
--------------------------------
setup slack 16.0
============================================================================================
path26:
	data arrival time:
	g14 @FPGA2    1.0    1.0
	    @cable   +2.0    3.0
	data expected time:
    gp12 Thold    1.0    1.0
----------------------------------
hold slack 2.0
============================================================================================
path27:
	data arrival time:
	g16 @FPGA2    1.0    1.0
	    @cable   +2.0    3.0
    data expected time:
	c3 rise edge 20.0   20.0
	gp13  Tsu   -1.0    19.0 
--------------------------------
setup slack 16.0
============================================================================================
path28:
	data arrival time:
	g16 @FPGA2    1.0    1.0
	    @cable   +2.0    3.0
	data expected time:
    gp13 Thold    1.0    1.0
----------------------------------
hold slack 2.0
============================================================================================
path29£º
    g4 @FPGA1    0.1    0.1
	g6 @FPGA1    0.1    0.1
-------------------------------
Combinal Port Delay:  0.2
============================================================================================
path30£º
	g5 @FPGA1    0.1    0.1
	g6 @FPGA1    0.1    0.1
-------------------------------
Combinal Port Delay:  0.2	
============================================================================================
















	
	

  






	 

	
   


	
	

	    
	
  



	
	    
	


 
 
 
 
 
 
 
 
 
 
 
 
 
 
 
 
 
 
 
 
 
 
 
 
 
 
 
 
          